[2013-08-01 18:52:05] (ERROR @ /ediets-live/index.php) Could not load class: ModoAuth from modoauth.
[2013-08-01 18:52:05] (ERROR @ /ediets-live/index.php) Problem getting service $modoauth, instance of class ModoAuth, from path /Applications/MAMP/htdocs/modoauth2/core/components/oauth2/model/oauth2/
[2013-08-01 18:52:49] (ERROR @ /ediets-live/index.php) Could not load class: ModoAuth from modoauth.
[2013-08-01 18:52:49] (ERROR @ /ediets-live/index.php) Problem getting service $modoauth, instance of class ModoAuth, from path /Applications/MAMP/htdocs/modoauth2/core/components/oauth2/model/oauth2/
[2013-08-01 18:52:50] (ERROR @ /ediets-live/index.php) Could not load class: ModoAuth from modoauth.
[2013-08-01 18:52:50] (ERROR @ /ediets-live/index.php) Problem getting service $modoauth, instance of class ModoAuth, from path /Applications/MAMP/htdocs/modoauth2/core/components/oauth2/model/oauth2/
[2013-08-01 18:52:51] (ERROR @ /ediets-live/index.php) Could not load class: ModoAuth from modoauth.
[2013-08-01 18:52:51] (ERROR @ /ediets-live/index.php) Problem getting service $modoauth, instance of class ModoAuth, from path /Applications/MAMP/htdocs/modoauth2/core/components/oauth2/model/oauth2/
[2013-08-01 18:56:04] (ERROR @ /ediets-live/index.php) Could not load class: ModoAuth from modoauth.
[2013-08-01 18:56:04] (ERROR @ /ediets-live/index.php) Problem getting service $modoauth, instance of class ModoAuth, from path /Applications/MAMP/htdocs/modoauth2/core/components/oauth2/model/oauth2/
[2013-08-01 18:56:06] (ERROR @ /ediets-live/index.php) Could not load class: ModoAuth from modoauth.
[2013-08-01 18:56:06] (ERROR @ /ediets-live/index.php) Problem getting service $modoauth, instance of class ModoAuth, from path /Applications/MAMP/htdocs/modoauth2/core/components/oauth2/model/oauth2/
[2013-08-01 18:56:07] (ERROR @ /ediets-live/index.php) Could not load class: ModoAuth from modoauth.
[2013-08-01 18:56:07] (ERROR @ /ediets-live/index.php) Problem getting service $modoauth, instance of class ModoAuth, from path /Applications/MAMP/htdocs/modoauth2/core/components/oauth2/model/oauth2/
[2013-08-01 18:59:09] (ERROR @ /ediets-live/index.php) Could not load class: ModoAuth from modoauth.
[2013-08-01 18:59:09] (ERROR @ /ediets-live/index.php) Problem getting service $modoauth, instance of class ModoAuth, from path /Applications/MAMP/htdocs/modoauth2/core/components/oauth2/model/oauth2/
[2013-08-01 18:59:10] (ERROR @ /ediets-live/index.php) Could not load class: ModoAuth from modoauth.
[2013-08-01 18:59:10] (ERROR @ /ediets-live/index.php) Problem getting service $modoauth, instance of class ModoAuth, from path /Applications/MAMP/htdocs/modoauth2/core/components/oauth2/model/oauth2/
[2013-08-01 18:59:12] (ERROR @ /ediets-live/index.php) Could not load class: ModoAuth from modoauth.
[2013-08-01 18:59:12] (ERROR @ /ediets-live/index.php) Problem getting service $modoauth, instance of class ModoAuth, from path /Applications/MAMP/htdocs/modoauth2/core/components/oauth2/model/oauth2/
[2013-08-01 18:59:27] (ERROR @ /ediets-live/index.php) Could not load class: ModoAuth from modoauth.
[2013-08-01 18:59:27] (ERROR @ /ediets-live/index.php) Problem getting service $modoauth, instance of class ModoAuth, from path /Applications/MAMP/htdocs/modoauth2/core/components/oauth2/model/oauth2/
[2013-08-01 18:59:28] (ERROR @ /ediets-live/index.php) Could not load class: ModoAuth from modoauth.
[2013-08-01 18:59:28] (ERROR @ /ediets-live/index.php) Problem getting service $modoauth, instance of class ModoAuth, from path /Applications/MAMP/htdocs/modoauth2/core/components/oauth2/model/oauth2/
[2013-08-01 18:59:29] (ERROR @ /ediets-live/index.php) Could not load class: ModoAuth from modoauth.
[2013-08-01 18:59:29] (ERROR @ /ediets-live/index.php) Problem getting service $modoauth, instance of class ModoAuth, from path /Applications/MAMP/htdocs/modoauth2/core/components/oauth2/model/oauth2/
[2013-08-01 19:01:15] (ERROR @ /ediets-live/connectors/browser/directory.php) Error caching lexicon topic lexicon/en/core/source
[2013-08-01 19:02:03] (ERROR @ /ediets-live/index.php) Could not load class: ModoAuth from modoauth.
[2013-08-01 19:02:03] (ERROR @ /ediets-live/index.php) Problem getting service $modoauth, instance of class ModoAuth, from path /Applications/MAMP/htdocs/modoauth2/core/components/oauth2/model/oauth2/
[2013-08-01 19:02:04] (ERROR @ /ediets-live/index.php) Could not load class: ModoAuth from modoauth.
[2013-08-01 19:02:04] (ERROR @ /ediets-live/index.php) Problem getting service $modoauth, instance of class ModoAuth, from path /Applications/MAMP/htdocs/modoauth2/core/components/oauth2/model/oauth2/
[2013-08-01 19:02:16] (ERROR @ /ediets-live/index.php) Could not load class: ModoAuth from modoauth.
[2013-08-01 19:02:16] (ERROR @ /ediets-live/index.php) Problem getting service $modoauth, instance of class ModoAuth, from path /Applications/MAMP/htdocs/modoauth2/core/components/oauth2/model/oauth2/
[2013-08-01 19:02:18] (ERROR @ /ediets-live/index.php) Could not load class: ModoAuth from modoauth.
[2013-08-01 19:02:18] (ERROR @ /ediets-live/index.php) Problem getting service $modoauth, instance of class ModoAuth, from path /Applications/MAMP/htdocs/modoauth2/core/components/oauth2/model/oauth2/
[2013-08-01 19:02:20] (ERROR @ /ediets-live/index.php) Could not load class: ModoAuth from modoauth.
[2013-08-01 19:02:20] (ERROR @ /ediets-live/index.php) Problem getting service $modoauth, instance of class ModoAuth, from path /Applications/MAMP/htdocs/modoauth2/core/components/oauth2/model/oauth2/
[2013-08-01 19:02:36] (ERROR @ /ediets-live/index.php) Could not load class: ModoAuth from modoauth.
[2013-08-01 19:02:36] (ERROR @ /ediets-live/index.php) Problem getting service $modoauth, instance of class ModoAuth, from path /Applications/MAMP/htdocs/modoauth2/core/components/oauth2/model/oauth2/
[2013-08-01 19:02:38] (ERROR @ /ediets-live/index.php) Could not load class: ModoAuth from modoauth.
[2013-08-01 19:02:38] (ERROR @ /ediets-live/index.php) Problem getting service $modoauth, instance of class ModoAuth, from path /Applications/MAMP/htdocs/modoauth2/core/components/oauth2/model/oauth2/
[2013-08-01 19:02:41] (ERROR @ /ediets-live/index.php) Could not load class: ModoAuth from modoauth.
[2013-08-01 19:02:41] (ERROR @ /ediets-live/index.php) Problem getting service $modoauth, instance of class ModoAuth, from path /Applications/MAMP/htdocs/modoauth2/core/components/oauth2/model/oauth2/
[2013-08-01 19:02:43] (ERROR @ /ediets-live/index.php) Could not load class: ModoAuth from modoauth.
[2013-08-01 19:02:43] (ERROR @ /ediets-live/index.php) Problem getting service $modoauth, instance of class ModoAuth, from path /Applications/MAMP/htdocs/modoauth2/core/components/oauth2/model/oauth2/
[2013-08-01 19:03:17] (ERROR @ /ediets-live/index.php) Could not load class: ModoAuth from modoauth.
[2013-08-01 19:03:17] (ERROR @ /ediets-live/index.php) Problem getting service $modoauth, instance of class ModoAuth, from path /Applications/MAMP/htdocs/modoauth2/core/components/oauth2/model/oauth2/
[2013-08-01 19:03:23] (ERROR @ /ediets-live/index.php) Could not load class: ModoAuth from modoauth.
[2013-08-01 19:03:23] (ERROR @ /ediets-live/index.php) Problem getting service $modoauth, instance of class ModoAuth, from path /Applications/MAMP/htdocs/modoauth2/core/components/oauth2/model/oauth2/
[2013-08-01 19:03:26] (ERROR @ /ediets-live/index.php) Could not load class: ModoAuth from modoauth.
[2013-08-01 19:03:26] (ERROR @ /ediets-live/index.php) Problem getting service $modoauth, instance of class ModoAuth, from path /Applications/MAMP/htdocs/modoauth2/core/components/oauth2/model/oauth2/
[2013-08-01 19:04:51] (ERROR @ /ediets-live/index.php) Could not load class: ModoAuth from modoauth.
[2013-08-01 19:04:51] (ERROR @ /ediets-live/index.php) Problem getting service modoauth, instance of class ModoAuth, from path /Applications/MAMP/htdocs/modoauth2/core/components/oauth2/model/oauth2/
[2013-08-05 15:25:55] (ERROR @ /ediets-live/connectors/element/propertyset.php) Error caching lexicon topic lexicon/en/core/propertyset
[2013-08-05 20:02:02] (ERROR @ /ediets-live/index.php) Could not load class: ModoAuth from modoauth.
[2013-08-05 20:02:03] (ERROR @ /ediets-live/index.php) Problem getting service modoauth, instance of class ModoAuth, from path /Applications/MAMP/htdocs/modoauth2/core/components/oauth2/model/modoauth/
[2013-08-05 20:36:07] (ERROR @ /ediets-live/connectors/layout/modx.config.js.php) Error caching lexicon topic lexicon/en/core/resource
[2013-08-05 21:19:25] (ERROR @ /ediets-live/manager/index.php) Path specified for package modoauth is not a valid or accessible directory: /Applications/MAMP/htdocs/ediets-live/core/components/modoauth/model/
[2013-08-05 21:19:59] (ERROR @ /ediets-live/manager/index.php) Path specified for package modoauth is not a valid or accessible directory: /Applications/MAMP/htdocs/ediets-live/core/components/modoauth/model/
